<?xml version="1.0" encoding="UTF-8"?>
<!-- Generated by org.testng.reporters.JUnitReportReporter -->
<testsuite hostname="DESKTOP-LGQ4M5A" failures="0" tests="1" name="testngpractice.A" time="0.011" errors="0" timestamp="2024-04-20T19:23:03 IST" skipped="0">
  <testcase classname="testngpractice.A" name="m1" time="0.011"/>
  <system-out>
    <![CDATA[hii good evening]]>
  </system-out>
</testsuite> <!-- testngpractice.A -->
